mode: set
github.com/k82022603/RummiArena/game-server/internal/engine/elo_calculator.go:46.81,48.11 2 1
github.com/k82022603/RummiArena/game-server/internal/engine/elo_calculator.go:48.11,50.3 1 1
github.com/k82022603/RummiArena/game-server/internal/engine/elo_calculator.go:52.2,53.28 2 1
github.com/k82022603/RummiArena/game-server/internal/engine/elo_calculator.go:53.28,58.29 4 1
github.com/k82022603/RummiArena/game-server/internal/engine/elo_calculator.go:58.29,59.14 1 1
github.com/k82022603/RummiArena/game-server/internal/engine/elo_calculator.go:59.14,60.13 1 1
github.com/k82022603/RummiArena/game-server/internal/engine/elo_calculator.go:62.4,65.21 4 1
github.com/k82022603/RummiArena/game-server/internal/engine/elo_calculator.go:69.3,71.28 3 1
github.com/k82022603/RummiArena/game-server/internal/engine/elo_calculator.go:71.28,73.4 1 0
github.com/k82022603/RummiArena/game-server/internal/engine/elo_calculator.go:75.3,83.4 2 1
github.com/k82022603/RummiArena/game-server/internal/engine/elo_calculator.go:86.2,86.16 1 1
github.com/k82022603/RummiArena/game-server/internal/engine/elo_calculator.go:92.50,93.34 1 1
github.com/k82022603/RummiArena/game-server/internal/engine/elo_calculator.go:93.34,95.3 1 1
github.com/k82022603/RummiArena/game-server/internal/engine/elo_calculator.go:96.2,96.9 1 1
github.com/k82022603/RummiArena/game-server/internal/engine/elo_calculator.go:97.22,98.21 1 1
github.com/k82022603/RummiArena/game-server/internal/engine/elo_calculator.go:99.22,100.22 1 1
github.com/k82022603/RummiArena/game-server/internal/engine/elo_calculator.go:101.22,102.18 1 1
github.com/k82022603/RummiArena/game-server/internal/engine/elo_calculator.go:103.22,104.20 1 1
github.com/k82022603/RummiArena/game-server/internal/engine/elo_calculator.go:105.10,106.20 1 1
github.com/k82022603/RummiArena/game-server/internal/engine/elo_calculator.go:116.54,117.22 1 1
github.com/k82022603/RummiArena/game-server/internal/engine/elo_calculator.go:117.22,119.3 1 1
github.com/k82022603/RummiArena/game-server/internal/engine/elo_calculator.go:120.2,120.20 1 1
github.com/k82022603/RummiArena/game-server/internal/engine/elo_calculator.go:120.20,122.3 1 1
github.com/k82022603/RummiArena/game-server/internal/engine/elo_calculator.go:123.2,123.11 1 1
github.com/k82022603/RummiArena/game-server/internal/engine/elo_calculator.go:128.50,130.2 1 1
github.com/k82022603/RummiArena/game-server/internal/engine/elo_calculator.go:134.44,135.9 1 1
github.com/k82022603/RummiArena/game-server/internal/engine/elo_calculator.go:136.21,137.13 1 1
github.com/k82022603/RummiArena/game-server/internal/engine/elo_calculator.go:138.22,139.13 1 1
github.com/k82022603/RummiArena/game-server/internal/engine/elo_calculator.go:140.10,141.13 1 1
github.com/k82022603/RummiArena/game-server/internal/engine/errors.go:17.42,19.2 1 1
github.com/k82022603/RummiArena/game-server/internal/engine/errors.go:22.81,24.20 2 1
github.com/k82022603/RummiArena/game-server/internal/engine/errors.go:24.20,26.3 1 1
github.com/k82022603/RummiArena/game-server/internal/engine/errors.go:27.2,27.65 1 1
github.com/k82022603/RummiArena/game-server/internal/engine/group.go:10.41,11.38 1 1
github.com/k82022603/RummiArena/game-server/internal/engine/group.go:11.38,13.3 1 1
github.com/k82022603/RummiArena/game-server/internal/engine/group.go:15.2,18.26 3 1
github.com/k82022603/RummiArena/game-server/internal/engine/group.go:18.26,19.16 1 1
github.com/k82022603/RummiArena/game-server/internal/engine/group.go:19.16,20.12 1 1
github.com/k82022603/RummiArena/game-server/internal/engine/group.go:22.3,22.21 1 1
github.com/k82022603/RummiArena/game-server/internal/engine/group.go:22.21,24.4 1 1
github.com/k82022603/RummiArena/game-server/internal/engine/group.go:24.9,24.35 1 1
github.com/k82022603/RummiArena/game-server/internal/engine/group.go:24.35,26.4 1 1
github.com/k82022603/RummiArena/game-server/internal/engine/group.go:27.3,27.25 1 1
github.com/k82022603/RummiArena/game-server/internal/engine/group.go:27.25,29.4 1 1
github.com/k82022603/RummiArena/game-server/internal/engine/group.go:30.3,30.28 1 1
github.com/k82022603/RummiArena/game-server/internal/engine/group.go:35.2,35.20 1 1
github.com/k82022603/RummiArena/game-server/internal/engine/group.go:35.20,37.3 1 1
github.com/k82022603/RummiArena/game-server/internal/engine/group.go:39.2,39.12 1 1
github.com/k82022603/RummiArena/game-server/internal/engine/group.go:44.36,46.26 2 1
github.com/k82022603/RummiArena/game-server/internal/engine/group.go:46.26,47.17 1 1
github.com/k82022603/RummiArena/game-server/internal/engine/group.go:47.17,49.9 2 1
github.com/k82022603/RummiArena/game-server/internal/engine/group.go:53.2,54.26 2 1
github.com/k82022603/RummiArena/game-server/internal/engine/group.go:54.26,55.16 1 1
github.com/k82022603/RummiArena/game-server/internal/engine/group.go:55.16,57.4 1 1
github.com/k82022603/RummiArena/game-server/internal/engine/group.go:57.9,59.4 1 1
github.com/k82022603/RummiArena/game-server/internal/engine/group.go:61.2,61.12 1 1
github.com/k82022603/RummiArena/game-server/internal/engine/pool.go:17.30,23.2 3 1
github.com/k82022603/RummiArena/game-server/internal/engine/pool.go:27.30,28.44 1 1
github.com/k82022603/RummiArena/game-server/internal/engine/pool.go:28.44,30.3 1 1
github.com/k82022603/RummiArena/game-server/internal/engine/pool.go:35.44,36.16 1 1
github.com/k82022603/RummiArena/game-server/internal/engine/pool.go:36.16,38.3 1 1
github.com/k82022603/RummiArena/game-server/internal/engine/pool.go:39.2,39.26 1 1
github.com/k82022603/RummiArena/game-server/internal/engine/pool.go:39.26,41.3 1 1
github.com/k82022603/RummiArena/game-server/internal/engine/pool.go:42.2,45.14 4 1
github.com/k82022603/RummiArena/game-server/internal/engine/pool.go:50.45,51.23 1 1
github.com/k82022603/RummiArena/game-server/internal/engine/pool.go:51.23,53.3 1 1
github.com/k82022603/RummiArena/game-server/internal/engine/pool.go:54.2,56.15 3 1
github.com/k82022603/RummiArena/game-server/internal/engine/pool.go:60.36,62.2 1 1
github.com/k82022603/RummiArena/game-server/internal/engine/pool.go:67.73,68.40 1 1
github.com/k82022603/RummiArena/game-server/internal/engine/pool.go:68.40,70.3 1 1
github.com/k82022603/RummiArena/game-server/internal/engine/pool.go:71.2,72.48 2 1
github.com/k82022603/RummiArena/game-server/internal/engine/pool.go:72.48,75.3 1 0
github.com/k82022603/RummiArena/game-server/internal/engine/pool.go:77.2,78.35 2 1
github.com/k82022603/RummiArena/game-server/internal/engine/pool.go:78.35,80.3 1 1
github.com/k82022603/RummiArena/game-server/internal/engine/pool.go:81.2,81.19 1 1
github.com/k82022603/RummiArena/game-server/internal/engine/run.go:14.39,15.20 1 1
github.com/k82022603/RummiArena/game-server/internal/engine/run.go:15.20,17.3 1 1
github.com/k82022603/RummiArena/game-server/internal/engine/run.go:19.2,20.16 2 1
github.com/k82022603/RummiArena/game-server/internal/engine/run.go:20.16,22.3 1 1
github.com/k82022603/RummiArena/game-server/internal/engine/run.go:23.2,27.60 3 1
github.com/k82022603/RummiArena/game-server/internal/engine/run.go:27.60,29.3 1 1
github.com/k82022603/RummiArena/game-server/internal/engine/run.go:31.2,31.47 1 1
github.com/k82022603/RummiArena/game-server/internal/engine/run.go:36.70,40.26 3 1
github.com/k82022603/RummiArena/game-server/internal/engine/run.go:40.26,41.16 1 1
github.com/k82022603/RummiArena/game-server/internal/engine/run.go:41.16,42.12 1 1
github.com/k82022603/RummiArena/game-server/internal/engine/run.go:44.3,44.21 1 1
github.com/k82022603/RummiArena/game-server/internal/engine/run.go:44.21,46.4 1 1
github.com/k82022603/RummiArena/game-server/internal/engine/run.go:46.9,46.33 1 1
github.com/k82022603/RummiArena/game-server/internal/engine/run.go:46.33,48.4 1 1
github.com/k82022603/RummiArena/game-server/internal/engine/run.go:49.3,49.54 1 1
github.com/k82022603/RummiArena/game-server/internal/engine/run.go:52.2,52.31 1 1
github.com/k82022603/RummiArena/game-server/internal/engine/run.go:52.31,55.3 1 1
github.com/k82022603/RummiArena/game-server/internal/engine/run.go:57.2,57.39 1 1
github.com/k82022603/RummiArena/game-server/internal/engine/run.go:61.45,62.35 1 1
github.com/k82022603/RummiArena/game-server/internal/engine/run.go:62.35,63.31 1 1
github.com/k82022603/RummiArena/game-server/internal/engine/run.go:63.31,65.4 1 1
github.com/k82022603/RummiArena/game-server/internal/engine/run.go:67.2,67.12 1 1
github.com/k82022603/RummiArena/game-server/internal/engine/run.go:71.71,76.23 4 1
github.com/k82022603/RummiArena/game-server/internal/engine/run.go:76.23,78.3 1 1
github.com/k82022603/RummiArena/game-server/internal/engine/run.go:80.2,84.23 4 1
github.com/k82022603/RummiArena/game-server/internal/engine/run.go:84.23,86.3 1 1
github.com/k82022603/RummiArena/game-server/internal/engine/run.go:87.2,87.33 1 1
github.com/k82022603/RummiArena/game-server/internal/engine/run.go:87.33,89.3 1 0
github.com/k82022603/RummiArena/game-server/internal/engine/run.go:91.2,91.12 1 1
github.com/k82022603/RummiArena/game-server/internal/engine/run.go:95.37,97.26 2 1
github.com/k82022603/RummiArena/game-server/internal/engine/run.go:97.26,98.16 1 1
github.com/k82022603/RummiArena/game-server/internal/engine/run.go:98.16,100.4 1 1
github.com/k82022603/RummiArena/game-server/internal/engine/run.go:102.2,102.14 1 1
github.com/k82022603/RummiArena/game-server/internal/engine/run.go:109.34,112.26 3 1
github.com/k82022603/RummiArena/game-server/internal/engine/run.go:112.26,113.16 1 1
github.com/k82022603/RummiArena/game-server/internal/engine/run.go:113.16,115.4 1 1
github.com/k82022603/RummiArena/game-server/internal/engine/run.go:115.9,117.4 1 1
github.com/k82022603/RummiArena/game-server/internal/engine/run.go:119.2,128.19 6 1
github.com/k82022603/RummiArena/game-server/internal/engine/run.go:128.19,130.3 1 0
github.com/k82022603/RummiArena/game-server/internal/engine/run.go:133.2,134.29 2 1
github.com/k82022603/RummiArena/game-server/internal/engine/run.go:134.29,136.3 1 0
github.com/k82022603/RummiArena/game-server/internal/engine/run.go:138.2,139.22 2 1
github.com/k82022603/RummiArena/game-server/internal/engine/run.go:139.22,141.3 1 0
github.com/k82022603/RummiArena/game-server/internal/engine/run.go:143.2,144.15 2 1
github.com/k82022603/RummiArena/game-server/internal/engine/run.go:144.15,146.3 1 0
github.com/k82022603/RummiArena/game-server/internal/engine/run.go:148.2,149.34 2 1
github.com/k82022603/RummiArena/game-server/internal/engine/run.go:149.34,151.3 1 1
github.com/k82022603/RummiArena/game-server/internal/engine/run.go:152.2,152.12 1 1
github.com/k82022603/RummiArena/game-server/internal/engine/tile.go:31.40,32.36 1 1
github.com/k82022603/RummiArena/game-server/internal/engine/tile.go:32.36,34.3 1 1
github.com/k82022603/RummiArena/game-server/internal/engine/tile.go:36.2,36.19 1 1
github.com/k82022603/RummiArena/game-server/internal/engine/tile.go:36.19,38.3 1 1
github.com/k82022603/RummiArena/game-server/internal/engine/tile.go:40.2,41.15 2 1
github.com/k82022603/RummiArena/game-server/internal/engine/tile.go:42.52,42.52 0 1
github.com/k82022603/RummiArena/game-server/internal/engine/tile.go:43.10,44.74 1 1
github.com/k82022603/RummiArena/game-server/internal/engine/tile.go:47.2,48.30 2 1
github.com/k82022603/RummiArena/game-server/internal/engine/tile.go:48.30,50.3 1 1
github.com/k82022603/RummiArena/game-server/internal/engine/tile.go:52.2,54.39 3 1
github.com/k82022603/RummiArena/game-server/internal/engine/tile.go:54.39,56.3 1 1
github.com/k82022603/RummiArena/game-server/internal/engine/tile.go:58.2,63.8 1 1
github.com/k82022603/RummiArena/game-server/internal/engine/tile.go:68.28,69.15 1 1
github.com/k82022603/RummiArena/game-server/internal/engine/tile.go:69.15,71.3 1 1
github.com/k82022603/RummiArena/game-server/internal/engine/tile.go:72.2,72.17 1 1
github.com/k82022603/RummiArena/game-server/internal/engine/tile.go:76.48,78.26 2 1
github.com/k82022603/RummiArena/game-server/internal/engine/tile.go:78.26,80.17 2 1
github.com/k82022603/RummiArena/game-server/internal/engine/tile.go:80.17,82.4 1 1
github.com/k82022603/RummiArena/game-server/internal/engine/tile.go:83.3,83.27 1 1
github.com/k82022603/RummiArena/game-server/internal/engine/tile.go:85.2,85.19 1 1
github.com/k82022603/RummiArena/game-server/internal/engine/tile.go:89.29,94.27 4 1
github.com/k82022603/RummiArena/game-server/internal/engine/tile.go:94.27,95.32 1 1
github.com/k82022603/RummiArena/game-server/internal/engine/tile.go:95.32,96.29 1 1
github.com/k82022603/RummiArena/game-server/internal/engine/tile.go:96.29,104.5 2 1
github.com/k82022603/RummiArena/game-server/internal/engine/tile.go:108.2,111.14 3 1
github.com/k82022603/RummiArena/game-server/internal/engine/validator.go:20.52,21.23 1 1
github.com/k82022603/RummiArena/game-server/internal/engine/validator.go:21.23,23.3 1 1
github.com/k82022603/RummiArena/game-server/internal/engine/validator.go:25.2,26.21 2 1
github.com/k82022603/RummiArena/game-server/internal/engine/validator.go:26.21,28.3 1 1
github.com/k82022603/RummiArena/game-server/internal/engine/validator.go:30.2,31.19 2 1
github.com/k82022603/RummiArena/game-server/internal/engine/validator.go:31.19,33.3 1 1
github.com/k82022603/RummiArena/game-server/internal/engine/validator.go:37.2,37.47 1 1
github.com/k82022603/RummiArena/game-server/internal/engine/validator.go:37.47,39.3 1 1
github.com/k82022603/RummiArena/game-server/internal/engine/validator.go:40.2,40.45 1 0
github.com/k82022603/RummiArena/game-server/internal/engine/validator.go:40.45,42.3 1 0
github.com/k82022603/RummiArena/game-server/internal/engine/validator.go:43.2,43.88 1 0
github.com/k82022603/RummiArena/game-server/internal/engine/validator.go:48.43,49.26 1 1
github.com/k82022603/RummiArena/game-server/internal/engine/validator.go:49.26,50.48 1 1
github.com/k82022603/RummiArena/game-server/internal/engine/validator.go:50.48,52.4 1 1
github.com/k82022603/RummiArena/game-server/internal/engine/validator.go:54.2,54.12 1 1
github.com/k82022603/RummiArena/game-server/internal/engine/validator.go:77.56,79.54 1 1
github.com/k82022603/RummiArena/game-server/internal/engine/validator.go:79.54,81.3 1 1
github.com/k82022603/RummiArena/game-server/internal/engine/validator.go:84.2,85.20 2 1
github.com/k82022603/RummiArena/game-server/internal/engine/validator.go:85.20,87.3 1 1
github.com/k82022603/RummiArena/game-server/internal/engine/validator.go:92.2,92.72 1 1
github.com/k82022603/RummiArena/game-server/internal/engine/validator.go:92.72,94.3 1 0
github.com/k82022603/RummiArena/game-server/internal/engine/validator.go:98.2,98.25 1 1
github.com/k82022603/RummiArena/game-server/internal/engine/validator.go:98.25,99.50 1 1
github.com/k82022603/RummiArena/game-server/internal/engine/validator.go:99.50,101.4 1 1
github.com/k82022603/RummiArena/game-server/internal/engine/validator.go:105.2,105.51 1 1
github.com/k82022603/RummiArena/game-server/internal/engine/validator.go:105.51,107.3 1 1
github.com/k82022603/RummiArena/game-server/internal/engine/validator.go:109.2,109.12 1 1
github.com/k82022603/RummiArena/game-server/internal/engine/validator.go:113.56,118.32 3 1
github.com/k82022603/RummiArena/game-server/internal/engine/validator.go:118.32,119.43 1 1
github.com/k82022603/RummiArena/game-server/internal/engine/validator.go:119.43,121.4 1 0
github.com/k82022603/RummiArena/game-server/internal/engine/validator.go:127.2,128.26 2 1
github.com/k82022603/RummiArena/game-server/internal/engine/validator.go:128.26,130.3 1 0
github.com/k82022603/RummiArena/game-server/internal/engine/validator.go:131.2,132.31 2 1
github.com/k82022603/RummiArena/game-server/internal/engine/validator.go:132.31,134.3 1 1
github.com/k82022603/RummiArena/game-server/internal/engine/validator.go:135.2,136.36 2 1
github.com/k82022603/RummiArena/game-server/internal/engine/validator.go:136.36,138.35 1 1
github.com/k82022603/RummiArena/game-server/internal/engine/validator.go:138.35,139.12 1 1
github.com/k82022603/RummiArena/game-server/internal/engine/validator.go:141.3,142.18 2 1
github.com/k82022603/RummiArena/game-server/internal/engine/validator.go:143.21,144.33 1 1
github.com/k82022603/RummiArena/game-server/internal/engine/validator.go:145.19,146.31 1 1
github.com/k82022603/RummiArena/game-server/internal/engine/validator.go:149.2,149.16 1 1
github.com/k82022603/RummiArena/game-server/internal/engine/validator.go:149.16,151.3 1 1
github.com/k82022603/RummiArena/game-server/internal/engine/validator.go:152.2,152.12 1 1
github.com/k82022603/RummiArena/game-server/internal/engine/validator.go:156.58,157.38 1 1
github.com/k82022603/RummiArena/game-server/internal/engine/validator.go:157.38,159.3 1 1
github.com/k82022603/RummiArena/game-server/internal/engine/validator.go:160.2,161.47 2 1
github.com/k82022603/RummiArena/game-server/internal/engine/validator.go:161.47,162.29 1 1
github.com/k82022603/RummiArena/game-server/internal/engine/validator.go:162.29,164.4 1 1
github.com/k82022603/RummiArena/game-server/internal/engine/validator.go:166.2,166.12 1 1
github.com/k82022603/RummiArena/game-server/internal/engine/validator.go:170.43,172.26 2 1
github.com/k82022603/RummiArena/game-server/internal/engine/validator.go:172.26,174.3 1 1
github.com/k82022603/RummiArena/game-server/internal/engine/validator.go:175.2,175.10 1 1
github.com/k82022603/RummiArena/game-server/internal/engine/validator.go:179.55,181.26 2 1
github.com/k82022603/RummiArena/game-server/internal/engine/validator.go:181.26,182.30 1 1
github.com/k82022603/RummiArena/game-server/internal/engine/validator.go:182.30,184.4 1 1
github.com/k82022603/RummiArena/game-server/internal/engine/validator.go:186.2,186.13 1 1
github.com/k82022603/RummiArena/game-server/internal/engine/validator.go:190.63,192.30 2 1
github.com/k82022603/RummiArena/game-server/internal/engine/validator.go:192.30,194.3 1 1
github.com/k82022603/RummiArena/game-server/internal/engine/validator.go:195.2,196.31 2 1
github.com/k82022603/RummiArena/game-server/internal/engine/validator.go:196.31,197.18 1 1
github.com/k82022603/RummiArena/game-server/internal/engine/validator.go:197.18,199.4 1 1
github.com/k82022603/RummiArena/game-server/internal/engine/validator.go:199.9,201.4 1 1
github.com/k82022603/RummiArena/game-server/internal/engine/validator.go:203.2,203.14 1 1
github.com/k82022603/RummiArena/game-server/internal/engine/validator.go:208.64,211.30 2 1
github.com/k82022603/RummiArena/game-server/internal/engine/validator.go:211.30,213.3 1 1
github.com/k82022603/RummiArena/game-server/internal/engine/validator.go:214.2,214.29 1 1
github.com/k82022603/RummiArena/game-server/internal/engine/validator.go:214.29,215.25 1 1
github.com/k82022603/RummiArena/game-server/internal/engine/validator.go:215.25,217.4 1 1
github.com/k82022603/RummiArena/game-server/internal/engine/validator.go:218.3,218.18 1 1
github.com/k82022603/RummiArena/game-server/internal/engine/validator.go:220.2,220.13 1 1
