mode: set
github.com/k82022603/RummiArena/game-server/internal/service/admin_service.go:99.93,104.2 1 0
github.com/k82022603/RummiArena/game-server/internal/service/admin_service.go:106.83,108.16 2 0
github.com/k82022603/RummiArena/game-server/internal/service/admin_service.go:108.16,110.3 1 0
github.com/k82022603/RummiArena/game-server/internal/service/admin_service.go:112.2,113.16 2 0
github.com/k82022603/RummiArena/game-server/internal/service/admin_service.go:113.16,115.3 1 0
github.com/k82022603/RummiArena/game-server/internal/service/admin_service.go:117.2,118.16 2 0
github.com/k82022603/RummiArena/game-server/internal/service/admin_service.go:118.16,120.3 1 0
github.com/k82022603/RummiArena/game-server/internal/service/admin_service.go:122.2,123.16 2 0
github.com/k82022603/RummiArena/game-server/internal/service/admin_service.go:123.16,125.3 1 0
github.com/k82022603/RummiArena/game-server/internal/service/admin_service.go:127.2,128.16 2 0
github.com/k82022603/RummiArena/game-server/internal/service/admin_service.go:128.16,130.3 1 0
github.com/k82022603/RummiArena/game-server/internal/service/admin_service.go:132.2,138.8 1 0
github.com/k82022603/RummiArena/game-server/internal/service/admin_service.go:141.91,143.16 2 0
github.com/k82022603/RummiArena/game-server/internal/service/admin_service.go:143.16,146.3 2 0
github.com/k82022603/RummiArena/game-server/internal/service/admin_service.go:148.2,149.27 2 0
github.com/k82022603/RummiArena/game-server/internal/service/admin_service.go:149.27,158.3 1 0
github.com/k82022603/RummiArena/game-server/internal/service/admin_service.go:159.2,159.19 1 0
github.com/k82022603/RummiArena/game-server/internal/service/admin_service.go:162.80,164.16 2 0
github.com/k82022603/RummiArena/game-server/internal/service/admin_service.go:164.16,167.3 2 0
github.com/k82022603/RummiArena/game-server/internal/service/admin_service.go:169.2,170.27 2 0
github.com/k82022603/RummiArena/game-server/internal/service/admin_service.go:170.27,179.3 1 0
github.com/k82022603/RummiArena/game-server/internal/service/admin_service.go:180.2,180.19 1 0
github.com/k82022603/RummiArena/game-server/internal/service/admin_service.go:185.79,187.16 2 0
github.com/k82022603/RummiArena/game-server/internal/service/admin_service.go:187.16,189.3 1 0
github.com/k82022603/RummiArena/game-server/internal/service/admin_service.go:190.2,195.8 1 0
github.com/k82022603/RummiArena/game-server/internal/service/admin_service.go:198.81,200.16 2 0
github.com/k82022603/RummiArena/game-server/internal/service/admin_service.go:200.16,203.3 2 0
github.com/k82022603/RummiArena/game-server/internal/service/admin_service.go:205.2,206.16 2 0
github.com/k82022603/RummiArena/game-server/internal/service/admin_service.go:206.16,208.3 1 0
github.com/k82022603/RummiArena/game-server/internal/service/admin_service.go:210.2,211.16 2 0
github.com/k82022603/RummiArena/game-server/internal/service/admin_service.go:211.16,214.3 2 0
github.com/k82022603/RummiArena/game-server/internal/service/admin_service.go:216.2,220.8 1 0
github.com/k82022603/RummiArena/game-server/internal/service/admin_service.go:223.96,225.16 2 0
github.com/k82022603/RummiArena/game-server/internal/service/admin_service.go:225.16,227.3 1 0
github.com/k82022603/RummiArena/game-server/internal/service/admin_service.go:229.2,230.16 2 0
github.com/k82022603/RummiArena/game-server/internal/service/admin_service.go:230.16,233.3 2 0
github.com/k82022603/RummiArena/game-server/internal/service/admin_service.go:235.2,236.28 2 0
github.com/k82022603/RummiArena/game-server/internal/service/admin_service.go:236.28,238.3 1 0
github.com/k82022603/RummiArena/game-server/internal/service/admin_service.go:240.2,245.8 1 0
github.com/k82022603/RummiArena/game-server/internal/service/admin_service.go:248.97,250.16 2 0
github.com/k82022603/RummiArena/game-server/internal/service/admin_service.go:250.16,252.3 1 0
github.com/k82022603/RummiArena/game-server/internal/service/admin_service.go:254.2,255.16 2 0
github.com/k82022603/RummiArena/game-server/internal/service/admin_service.go:255.16,257.3 1 0
github.com/k82022603/RummiArena/game-server/internal/service/admin_service.go:259.2,260.16 2 0
github.com/k82022603/RummiArena/game-server/internal/service/admin_service.go:260.16,262.3 1 0
github.com/k82022603/RummiArena/game-server/internal/service/admin_service.go:264.2,269.8 1 0
github.com/k82022603/RummiArena/game-server/internal/service/errors.go:13.39,15.2 1 1
github.com/k82022603/RummiArena/game-server/internal/service/errors.go:18.54,19.16 1 1
github.com/k82022603/RummiArena/game-server/internal/service/errors.go:19.16,21.3 1 1
github.com/k82022603/RummiArena/game-server/internal/service/errors.go:22.2,23.15 2 1
github.com/k82022603/RummiArena/game-server/internal/service/game_service.go:106.34,110.16 3 0
github.com/k82022603/RummiArena/game-server/internal/service/game_service.go:110.16,112.3 1 0
github.com/k82022603/RummiArena/game-server/internal/service/game_service.go:115.2,117.33 3 0
github.com/k82022603/RummiArena/game-server/internal/service/game_service.go:117.33,119.17 2 0
github.com/k82022603/RummiArena/game-server/internal/service/game_service.go:119.17,120.9 1 0
github.com/k82022603/RummiArena/game-server/internal/service/game_service.go:122.3,122.38 1 0
github.com/k82022603/RummiArena/game-server/internal/service/game_service.go:126.2,127.28 2 0
github.com/k82022603/RummiArena/game-server/internal/service/game_service.go:127.28,129.30 2 0
github.com/k82022603/RummiArena/game-server/internal/service/game_service.go:129.30,131.4 1 0
github.com/k82022603/RummiArena/game-server/internal/service/game_service.go:132.3,144.4 1 0
github.com/k82022603/RummiArena/game-server/internal/service/game_service.go:147.2,158.56 2 0
github.com/k82022603/RummiArena/game-server/internal/service/game_service.go:158.56,160.3 1 0
github.com/k82022603/RummiArena/game-server/internal/service/game_service.go:161.2,161.19 1 0
github.com/k82022603/RummiArena/game-server/internal/service/game_service.go:165.80,170.2 1 1
github.com/k82022603/RummiArena/game-server/internal/service/game_service.go:174.95,176.16 2 1
github.com/k82022603/RummiArena/game-server/internal/service/game_service.go:176.16,178.3 1 1
github.com/k82022603/RummiArena/game-server/internal/service/game_service.go:181.2,182.34 2 1
github.com/k82022603/RummiArena/game-server/internal/service/game_service.go:182.34,184.31 2 0
github.com/k82022603/RummiArena/game-server/internal/service/game_service.go:184.31,186.4 1 0
github.com/k82022603/RummiArena/game-server/internal/service/game_service.go:187.3,187.53 1 0
github.com/k82022603/RummiArena/game-server/internal/service/game_service.go:191.2,193.34 3 1
github.com/k82022603/RummiArena/game-server/internal/service/game_service.go:193.34,195.23 2 1
github.com/k82022603/RummiArena/game-server/internal/service/game_service.go:195.23,197.4 1 1
github.com/k82022603/RummiArena/game-server/internal/service/game_service.go:198.3,207.36 2 1
github.com/k82022603/RummiArena/game-server/internal/service/game_service.go:207.36,211.4 3 1
github.com/k82022603/RummiArena/game-server/internal/service/game_service.go:214.2,224.8 1 1
github.com/k82022603/RummiArena/game-server/internal/service/game_service.go:229.95,231.16 2 1
github.com/k82022603/RummiArena/game-server/internal/service/game_service.go:231.16,233.3 1 1
github.com/k82022603/RummiArena/game-server/internal/service/game_service.go:235.2,235.35 1 1
github.com/k82022603/RummiArena/game-server/internal/service/game_service.go:235.35,237.3 1 1
github.com/k82022603/RummiArena/game-server/internal/service/game_service.go:239.2,240.19 2 1
github.com/k82022603/RummiArena/game-server/internal/service/game_service.go:240.19,242.3 1 0
github.com/k82022603/RummiArena/game-server/internal/service/game_service.go:245.2,247.48 3 1
github.com/k82022603/RummiArena/game-server/internal/service/game_service.go:247.48,256.3 4 1
github.com/k82022603/RummiArena/game-server/internal/service/game_service.go:257.2,261.16 3 1
github.com/k82022603/RummiArena/game-server/internal/service/game_service.go:261.16,263.3 1 1
github.com/k82022603/RummiArena/game-server/internal/service/game_service.go:264.2,269.56 3 1
github.com/k82022603/RummiArena/game-server/internal/service/game_service.go:269.56,271.3 1 0
github.com/k82022603/RummiArena/game-server/internal/service/game_service.go:273.2,273.93 1 1
github.com/k82022603/RummiArena/game-server/internal/service/game_service.go:278.98,280.16 2 1
github.com/k82022603/RummiArena/game-server/internal/service/game_service.go:280.16,282.3 1 0
github.com/k82022603/RummiArena/game-server/internal/service/game_service.go:284.2,284.35 1 1
github.com/k82022603/RummiArena/game-server/internal/service/game_service.go:284.35,286.3 1 1
github.com/k82022603/RummiArena/game-server/internal/service/game_service.go:288.2,289.19 2 1
github.com/k82022603/RummiArena/game-server/internal/service/game_service.go:289.19,291.3 1 1
github.com/k82022603/RummiArena/game-server/internal/service/game_service.go:293.2,298.16 4 1
github.com/k82022603/RummiArena/game-server/internal/service/game_service.go:298.16,300.3 1 0
github.com/k82022603/RummiArena/game-server/internal/service/game_service.go:302.2,304.64 2 1
github.com/k82022603/RummiArena/game-server/internal/service/game_service.go:304.64,306.3 1 1
github.com/k82022603/RummiArena/game-server/internal/service/game_service.go:309.2,313.76 4 1
github.com/k82022603/RummiArena/game-server/internal/service/game_service.go:313.76,315.3 1 1
github.com/k82022603/RummiArena/game-server/internal/service/game_service.go:317.2,323.25 5 1
github.com/k82022603/RummiArena/game-server/internal/service/game_service.go:323.25,325.3 1 1
github.com/k82022603/RummiArena/game-server/internal/service/game_service.go:327.2,327.35 1 1
github.com/k82022603/RummiArena/game-server/internal/service/game_service.go:331.144,336.13 5 1
github.com/k82022603/RummiArena/game-server/internal/service/game_service.go:336.13,338.3 1 1
github.com/k82022603/RummiArena/game-server/internal/service/game_service.go:339.2,341.44 3 1
github.com/k82022603/RummiArena/game-server/internal/service/game_service.go:345.107,346.28 1 1
github.com/k82022603/RummiArena/game-server/internal/service/game_service.go:346.28,348.3 1 1
github.com/k82022603/RummiArena/game-server/internal/service/game_service.go:349.2,349.25 1 1
github.com/k82022603/RummiArena/game-server/internal/service/game_service.go:353.180,362.2 1 1
github.com/k82022603/RummiArena/game-server/internal/service/game_service.go:365.39,366.49 1 1
github.com/k82022603/RummiArena/game-server/internal/service/game_service.go:366.49,368.3 1 1
github.com/k82022603/RummiArena/game-server/internal/service/game_service.go:369.2,369.29 1 0
github.com/k82022603/RummiArena/game-server/internal/service/game_service.go:373.107,380.2 1 1
github.com/k82022603/RummiArena/game-server/internal/service/game_service.go:383.105,385.56 2 1
github.com/k82022603/RummiArena/game-server/internal/service/game_service.go:385.56,387.3 1 0
github.com/k82022603/RummiArena/game-server/internal/service/game_service.go:388.2,394.8 1 1
github.com/k82022603/RummiArena/game-server/internal/service/game_service.go:400.99,411.34 5 1
github.com/k82022603/RummiArena/game-server/internal/service/game_service.go:411.34,413.31 2 1
github.com/k82022603/RummiArena/game-server/internal/service/game_service.go:413.31,415.4 1 1
github.com/k82022603/RummiArena/game-server/internal/service/game_service.go:416.3,416.63 1 1
github.com/k82022603/RummiArena/game-server/internal/service/game_service.go:420.2,421.32 2 1
github.com/k82022603/RummiArena/game-server/internal/service/game_service.go:421.32,422.81 1 1
github.com/k82022603/RummiArena/game-server/internal/service/game_service.go:422.81,424.4 1 1
github.com/k82022603/RummiArena/game-server/internal/service/game_service.go:428.2,429.28 2 1
github.com/k82022603/RummiArena/game-server/internal/service/game_service.go:429.28,430.77 1 1
github.com/k82022603/RummiArena/game-server/internal/service/game_service.go:430.77,432.9 2 1
github.com/k82022603/RummiArena/game-server/internal/service/game_service.go:436.2,436.56 1 1
github.com/k82022603/RummiArena/game-server/internal/service/game_service.go:436.56,438.3 1 0
github.com/k82022603/RummiArena/game-server/internal/service/game_service.go:439.2,446.8 1 1
github.com/k82022603/RummiArena/game-server/internal/service/game_service.go:451.33,452.40 1 1
github.com/k82022603/RummiArena/game-server/internal/service/game_service.go:452.40,454.3 1 1
github.com/k82022603/RummiArena/game-server/internal/service/game_service.go:455.2,456.16 2 1
github.com/k82022603/RummiArena/game-server/internal/service/game_service.go:456.16,458.3 1 1
github.com/k82022603/RummiArena/game-server/internal/service/game_service.go:459.2,459.22 1 1
github.com/k82022603/RummiArena/game-server/internal/service/game_service.go:463.97,469.56 5 1
github.com/k82022603/RummiArena/game-server/internal/service/game_service.go:469.56,471.3 1 0
github.com/k82022603/RummiArena/game-server/internal/service/game_service.go:472.2,472.84 1 1
github.com/k82022603/RummiArena/game-server/internal/service/game_service.go:477.84,479.16 2 1
github.com/k82022603/RummiArena/game-server/internal/service/game_service.go:479.16,481.3 1 1
github.com/k82022603/RummiArena/game-server/internal/service/game_service.go:483.2,483.31 1 1
github.com/k82022603/RummiArena/game-server/internal/service/game_service.go:483.31,485.3 1 1
github.com/k82022603/RummiArena/game-server/internal/service/game_service.go:487.2,488.19 2 1
github.com/k82022603/RummiArena/game-server/internal/service/game_service.go:488.19,490.3 1 1
github.com/k82022603/RummiArena/game-server/internal/service/game_service.go:492.2,492.30 1 1
github.com/k82022603/RummiArena/game-server/internal/service/game_service.go:492.30,503.79 6 1
github.com/k82022603/RummiArena/game-server/internal/service/game_service.go:503.79,505.4 1 1
github.com/k82022603/RummiArena/game-server/internal/service/game_service.go:508.3,508.36 1 1
github.com/k82022603/RummiArena/game-server/internal/service/game_service.go:512.2,524.78 9 1
github.com/k82022603/RummiArena/game-server/internal/service/game_service.go:524.78,526.3 1 1
github.com/k82022603/RummiArena/game-server/internal/service/game_service.go:529.2,534.56 5 1
github.com/k82022603/RummiArena/game-server/internal/service/game_service.go:534.56,536.3 1 0
github.com/k82022603/RummiArena/game-server/internal/service/game_service.go:538.2,538.84 1 1
github.com/k82022603/RummiArena/game-server/internal/service/game_service.go:542.85,544.16 2 1
github.com/k82022603/RummiArena/game-server/internal/service/game_service.go:544.16,546.3 1 1
github.com/k82022603/RummiArena/game-server/internal/service/game_service.go:548.2,548.31 1 1
github.com/k82022603/RummiArena/game-server/internal/service/game_service.go:548.31,550.3 1 1
github.com/k82022603/RummiArena/game-server/internal/service/game_service.go:552.2,553.19 2 1
github.com/k82022603/RummiArena/game-server/internal/service/game_service.go:553.19,555.3 1 0
github.com/k82022603/RummiArena/game-server/internal/service/game_service.go:557.2,560.12 4 1
github.com/k82022603/RummiArena/game-server/internal/service/game_service.go:560.12,562.3 1 1
github.com/k82022603/RummiArena/game-server/internal/service/game_service.go:563.2,565.13 2 1
github.com/k82022603/RummiArena/game-server/internal/service/game_service.go:565.13,568.3 1 1
github.com/k82022603/RummiArena/game-server/internal/service/game_service.go:571.2,574.56 3 1
github.com/k82022603/RummiArena/game-server/internal/service/game_service.go:574.56,576.3 1 0
github.com/k82022603/RummiArena/game-server/internal/service/game_service.go:578.2,578.80 1 1
github.com/k82022603/RummiArena/game-server/internal/service/game_service.go:583.104,585.16 2 1
github.com/k82022603/RummiArena/game-server/internal/service/game_service.go:585.16,587.3 1 0
github.com/k82022603/RummiArena/game-server/internal/service/game_service.go:589.2,589.45 1 1
github.com/k82022603/RummiArena/game-server/internal/service/game_service.go:589.45,591.3 1 0
github.com/k82022603/RummiArena/game-server/internal/service/game_service.go:593.2,594.19 2 1
github.com/k82022603/RummiArena/game-server/internal/service/game_service.go:594.19,596.3 1 0
github.com/k82022603/RummiArena/game-server/internal/service/game_service.go:598.2,603.22 3 1
github.com/k82022603/RummiArena/game-server/internal/service/game_service.go:603.22,607.35 3 1
github.com/k82022603/RummiArena/game-server/internal/service/game_service.go:607.35,608.47 1 1
github.com/k82022603/RummiArena/game-server/internal/service/game_service.go:608.47,610.10 2 1
github.com/k82022603/RummiArena/game-server/internal/service/game_service.go:613.3,613.57 1 1
github.com/k82022603/RummiArena/game-server/internal/service/game_service.go:613.57,615.4 1 0
github.com/k82022603/RummiArena/game-server/internal/service/game_service.go:616.3,623.9 1 1
github.com/k82022603/RummiArena/game-server/internal/service/game_service.go:627.2,627.31 1 1
github.com/k82022603/RummiArena/game-server/internal/service/game_service.go:627.31,636.3 7 1
github.com/k82022603/RummiArena/game-server/internal/service/game_service.go:638.2,638.56 1 1
github.com/k82022603/RummiArena/game-server/internal/service/game_service.go:638.56,640.3 1 0
github.com/k82022603/RummiArena/game-server/internal/service/game_service.go:642.2,647.8 1 1
github.com/k82022603/RummiArena/game-server/internal/service/game_service.go:651.107,653.16 2 1
github.com/k82022603/RummiArena/game-server/internal/service/game_service.go:653.16,655.3 1 0
github.com/k82022603/RummiArena/game-server/internal/service/game_service.go:657.2,658.19 2 1
github.com/k82022603/RummiArena/game-server/internal/service/game_service.go:658.19,660.3 1 0
github.com/k82022603/RummiArena/game-server/internal/service/game_service.go:662.2,663.46 2 1
github.com/k82022603/RummiArena/game-server/internal/service/game_service.go:663.46,665.3 1 1
github.com/k82022603/RummiArena/game-server/internal/service/game_service.go:665.8,665.47 1 1
github.com/k82022603/RummiArena/game-server/internal/service/game_service.go:665.47,667.3 1 1
github.com/k82022603/RummiArena/game-server/internal/service/game_service.go:669.2,669.40 1 1
github.com/k82022603/RummiArena/game-server/internal/service/game_service.go:675.66,676.28 1 1
github.com/k82022603/RummiArena/game-server/internal/service/game_service.go:676.28,677.26 1 1
github.com/k82022603/RummiArena/game-server/internal/service/game_service.go:677.26,679.4 1 1
github.com/k82022603/RummiArena/game-server/internal/service/game_service.go:681.2,681.11 1 1
github.com/k82022603/RummiArena/game-server/internal/service/game_service.go:686.51,688.12 2 1
github.com/k82022603/RummiArena/game-server/internal/service/game_service.go:688.12,690.3 1 0
github.com/k82022603/RummiArena/game-server/internal/service/game_service.go:691.2,692.34 2 1
github.com/k82022603/RummiArena/game-server/internal/service/game_service.go:692.34,693.39 1 1
github.com/k82022603/RummiArena/game-server/internal/service/game_service.go:693.39,695.9 2 1
github.com/k82022603/RummiArena/game-server/internal/service/game_service.go:698.2,698.20 1 1
github.com/k82022603/RummiArena/game-server/internal/service/game_service.go:698.20,700.3 1 0
github.com/k82022603/RummiArena/game-server/internal/service/game_service.go:702.2,702.26 1 1
github.com/k82022603/RummiArena/game-server/internal/service/game_service.go:702.26,704.67 2 1
github.com/k82022603/RummiArena/game-server/internal/service/game_service.go:704.67,706.4 1 1
github.com/k82022603/RummiArena/game-server/internal/service/game_service.go:708.2,708.44 1 1
github.com/k82022603/RummiArena/game-server/internal/service/game_service.go:712.58,714.34 2 1
github.com/k82022603/RummiArena/game-server/internal/service/game_service.go:714.34,715.46 1 1
github.com/k82022603/RummiArena/game-server/internal/service/game_service.go:715.46,717.4 1 1
github.com/k82022603/RummiArena/game-server/internal/service/game_service.go:719.2,719.14 1 1
github.com/k82022603/RummiArena/game-server/internal/service/game_service.go:724.75,726.25 2 1
github.com/k82022603/RummiArena/game-server/internal/service/game_service.go:726.25,728.3 1 1
github.com/k82022603/RummiArena/game-server/internal/service/game_service.go:729.2,729.26 1 1
github.com/k82022603/RummiArena/game-server/internal/service/game_service.go:729.26,730.19 1 1
github.com/k82022603/RummiArena/game-server/internal/service/game_service.go:730.19,732.4 1 1
github.com/k82022603/RummiArena/game-server/internal/service/game_service.go:733.3,733.12 1 1
github.com/k82022603/RummiArena/game-server/internal/service/game_service.go:735.2,736.25 2 1
github.com/k82022603/RummiArena/game-server/internal/service/game_service.go:736.25,737.18 1 1
github.com/k82022603/RummiArena/game-server/internal/service/game_service.go:737.18,740.4 2 1
github.com/k82022603/RummiArena/game-server/internal/service/game_service.go:742.2,742.20 1 1
github.com/k82022603/RummiArena/game-server/internal/service/game_service.go:746.74,748.31 2 1
github.com/k82022603/RummiArena/game-server/internal/service/game_service.go:748.31,750.32 2 1
github.com/k82022603/RummiArena/game-server/internal/service/game_service.go:750.32,752.4 1 1
github.com/k82022603/RummiArena/game-server/internal/service/game_service.go:753.3,756.5 1 1
github.com/k82022603/RummiArena/game-server/internal/service/game_service.go:758.2,758.13 1 1
github.com/k82022603/RummiArena/game-server/internal/service/game_service.go:762.72,764.25 2 1
github.com/k82022603/RummiArena/game-server/internal/service/game_service.go:764.25,766.29 2 1
github.com/k82022603/RummiArena/game-server/internal/service/game_service.go:766.29,768.18 2 1
github.com/k82022603/RummiArena/game-server/internal/service/game_service.go:768.18,770.13 2 0
github.com/k82022603/RummiArena/game-server/internal/service/game_service.go:772.4,772.33 1 1
github.com/k82022603/RummiArena/game-server/internal/service/game_service.go:774.3,777.5 1 1
github.com/k82022603/RummiArena/game-server/internal/service/game_service.go:779.2,779.15 1 1
github.com/k82022603/RummiArena/game-server/internal/service/game_service.go:783.64,784.18 1 1
github.com/k82022603/RummiArena/game-server/internal/service/game_service.go:784.18,786.3 1 0
github.com/k82022603/RummiArena/game-server/internal/service/game_service.go:787.2,788.26 2 1
github.com/k82022603/RummiArena/game-server/internal/service/game_service.go:788.26,794.3 5 1
github.com/k82022603/RummiArena/game-server/internal/service/game_service.go:795.2,795.15 1 1
github.com/k82022603/RummiArena/game-server/internal/service/game_service.go:799.50,801.2 1 1
github.com/k82022603/RummiArena/game-server/internal/service/room_service.go:58.15,65.2 2 1
github.com/k82022603/RummiArena/game-server/internal/service/room_service.go:69.84,70.48 1 1
github.com/k82022603/RummiArena/game-server/internal/service/room_service.go:70.48,72.3 1 0
github.com/k82022603/RummiArena/game-server/internal/service/room_service.go:73.2,73.57 1 1
github.com/k82022603/RummiArena/game-server/internal/service/room_service.go:73.57,75.3 1 0
github.com/k82022603/RummiArena/game-server/internal/service/room_service.go:76.2,76.26 1 1
github.com/k82022603/RummiArena/game-server/internal/service/room_service.go:76.26,78.3 1 0
github.com/k82022603/RummiArena/game-server/internal/service/room_service.go:81.2,81.61 1 1
github.com/k82022603/RummiArena/game-server/internal/service/room_service.go:81.61,83.3 1 1
github.com/k82022603/RummiArena/game-server/internal/service/room_service.go:85.2,86.16 2 1
github.com/k82022603/RummiArena/game-server/internal/service/room_service.go:86.16,88.3 1 0
github.com/k82022603/RummiArena/game-server/internal/service/room_service.go:90.2,102.39 5 1
github.com/k82022603/RummiArena/game-server/internal/service/room_service.go:102.39,104.33 2 1
github.com/k82022603/RummiArena/game-server/internal/service/room_service.go:104.33,108.24 4 0
github.com/k82022603/RummiArena/game-server/internal/service/room_service.go:108.24,110.5 1 0
github.com/k82022603/RummiArena/game-server/internal/service/room_service.go:111.4,111.20 1 0
github.com/k82022603/RummiArena/game-server/internal/service/room_service.go:111.20,113.5 1 0
github.com/k82022603/RummiArena/game-server/internal/service/room_service.go:114.4,123.5 1 0
github.com/k82022603/RummiArena/game-server/internal/service/room_service.go:124.9,130.4 1 1
github.com/k82022603/RummiArena/game-server/internal/service/room_service.go:133.2,147.50 3 1
github.com/k82022603/RummiArena/game-server/internal/service/room_service.go:147.50,149.3 1 0
github.com/k82022603/RummiArena/game-server/internal/service/room_service.go:152.2,154.18 2 1
github.com/k82022603/RummiArena/game-server/internal/service/room_service.go:158.68,160.16 2 0
github.com/k82022603/RummiArena/game-server/internal/service/room_service.go:160.16,162.3 1 0
github.com/k82022603/RummiArena/game-server/internal/service/room_service.go:163.2,163.18 1 0
github.com/k82022603/RummiArena/game-server/internal/service/room_service.go:167.63,169.16 2 0
github.com/k82022603/RummiArena/game-server/internal/service/room_service.go:169.16,171.3 1 0
github.com/k82022603/RummiArena/game-server/internal/service/room_service.go:172.2,172.19 1 0
github.com/k82022603/RummiArena/game-server/internal/service/room_service.go:177.74,179.16 2 1
github.com/k82022603/RummiArena/game-server/internal/service/room_service.go:179.16,181.3 1 0
github.com/k82022603/RummiArena/game-server/internal/service/room_service.go:183.2,183.44 1 1
github.com/k82022603/RummiArena/game-server/internal/service/room_service.go:183.44,185.3 1 0
github.com/k82022603/RummiArena/game-server/internal/service/room_service.go:188.2,188.33 1 1
github.com/k82022603/RummiArena/game-server/internal/service/room_service.go:188.33,189.25 1 1
github.com/k82022603/RummiArena/game-server/internal/service/room_service.go:189.25,191.4 1 0
github.com/k82022603/RummiArena/game-server/internal/service/room_service.go:195.2,195.53 1 1
github.com/k82022603/RummiArena/game-server/internal/service/room_service.go:195.53,197.3 1 1
github.com/k82022603/RummiArena/game-server/internal/service/room_service.go:200.2,201.33 2 1
github.com/k82022603/RummiArena/game-server/internal/service/room_service.go:201.33,202.79 1 1
github.com/k82022603/RummiArena/game-server/internal/service/room_service.go:202.79,204.9 2 1
github.com/k82022603/RummiArena/game-server/internal/service/room_service.go:207.2,207.19 1 1
github.com/k82022603/RummiArena/game-server/internal/service/room_service.go:207.19,209.3 1 0
github.com/k82022603/RummiArena/game-server/internal/service/room_service.go:211.2,220.50 3 1
github.com/k82022603/RummiArena/game-server/internal/service/room_service.go:220.50,222.3 1 0
github.com/k82022603/RummiArena/game-server/internal/service/room_service.go:225.2,227.12 2 1
github.com/k82022603/RummiArena/game-server/internal/service/room_service.go:233.82,235.16 2 1
github.com/k82022603/RummiArena/game-server/internal/service/room_service.go:235.16,237.3 1 0
github.com/k82022603/RummiArena/game-server/internal/service/room_service.go:239.2,239.89 1 1
github.com/k82022603/RummiArena/game-server/internal/service/room_service.go:239.89,241.3 1 0
github.com/k82022603/RummiArena/game-server/internal/service/room_service.go:243.2,244.33 2 1
github.com/k82022603/RummiArena/game-server/internal/service/room_service.go:244.33,245.25 1 1
github.com/k82022603/RummiArena/game-server/internal/service/room_service.go:245.25,247.29 2 1
github.com/k82022603/RummiArena/game-server/internal/service/room_service.go:247.29,250.37 2 0
github.com/k82022603/RummiArena/game-server/internal/service/room_service.go:250.37,251.25 1 0
github.com/k82022603/RummiArena/game-server/internal/service/room_service.go:251.25,253.7 1 0
github.com/k82022603/RummiArena/game-server/internal/service/room_service.go:255.10,263.5 2 1
github.com/k82022603/RummiArena/game-server/internal/service/room_service.go:264.4,264.9 1 1
github.com/k82022603/RummiArena/game-server/internal/service/room_service.go:268.2,268.12 1 1
github.com/k82022603/RummiArena/game-server/internal/service/room_service.go:268.12,270.3 1 0
github.com/k82022603/RummiArena/game-server/internal/service/room_service.go:272.2,273.50 2 1
github.com/k82022603/RummiArena/game-server/internal/service/room_service.go:273.50,275.3 1 0
github.com/k82022603/RummiArena/game-server/internal/service/room_service.go:276.2,276.18 1 1
github.com/k82022603/RummiArena/game-server/internal/service/room_service.go:282.91,284.16 2 0
github.com/k82022603/RummiArena/game-server/internal/service/room_service.go:284.16,286.3 1 0
github.com/k82022603/RummiArena/game-server/internal/service/room_service.go:288.2,288.31 1 0
github.com/k82022603/RummiArena/game-server/internal/service/room_service.go:288.31,290.3 1 0
github.com/k82022603/RummiArena/game-server/internal/service/room_service.go:292.2,292.44 1 0
github.com/k82022603/RummiArena/game-server/internal/service/room_service.go:292.44,294.3 1 0
github.com/k82022603/RummiArena/game-server/internal/service/room_service.go:297.2,298.33 2 0
github.com/k82022603/RummiArena/game-server/internal/service/room_service.go:298.33,299.40 1 0
github.com/k82022603/RummiArena/game-server/internal/service/room_service.go:299.40,301.4 1 0
github.com/k82022603/RummiArena/game-server/internal/service/room_service.go:303.2,303.28 1 0
github.com/k82022603/RummiArena/game-server/internal/service/room_service.go:303.28,305.3 1 0
github.com/k82022603/RummiArena/game-server/internal/service/room_service.go:308.2,310.16 3 0
github.com/k82022603/RummiArena/game-server/internal/service/room_service.go:310.16,312.3 1 0
github.com/k82022603/RummiArena/game-server/internal/service/room_service.go:315.2,319.50 4 0
github.com/k82022603/RummiArena/game-server/internal/service/room_service.go:319.50,321.3 1 0
github.com/k82022603/RummiArena/game-server/internal/service/room_service.go:323.2,323.23 1 0
github.com/k82022603/RummiArena/game-server/internal/service/room_service.go:327.67,329.16 2 0
github.com/k82022603/RummiArena/game-server/internal/service/room_service.go:329.16,331.3 1 0
github.com/k82022603/RummiArena/game-server/internal/service/room_service.go:333.2,333.31 1 0
github.com/k82022603/RummiArena/game-server/internal/service/room_service.go:333.31,335.3 1 0
github.com/k82022603/RummiArena/game-server/internal/service/room_service.go:337.2,337.38 1 0
github.com/k82022603/RummiArena/game-server/internal/service/room_service.go:342.55,344.16 2 1
github.com/k82022603/RummiArena/game-server/internal/service/room_service.go:344.16,346.3 1 0
github.com/k82022603/RummiArena/game-server/internal/service/room_service.go:347.2,347.89 1 1
github.com/k82022603/RummiArena/game-server/internal/service/room_service.go:347.89,349.3 1 0
github.com/k82022603/RummiArena/game-server/internal/service/room_service.go:350.2,354.33 3 1
github.com/k82022603/RummiArena/game-server/internal/service/room_service.go:354.33,355.21 1 1
github.com/k82022603/RummiArena/game-server/internal/service/room_service.go:355.21,357.4 1 1
github.com/k82022603/RummiArena/game-server/internal/service/room_service.go:360.2,360.34 1 1
github.com/k82022603/RummiArena/game-server/internal/service/room_service.go:365.61,367.2 1 1
github.com/k82022603/RummiArena/game-server/internal/service/room_service.go:371.63,373.16 2 1
github.com/k82022603/RummiArena/game-server/internal/service/room_service.go:373.16,375.3 1 0
github.com/k82022603/RummiArena/game-server/internal/service/room_service.go:376.2,376.26 1 1
github.com/k82022603/RummiArena/game-server/internal/service/room_service.go:376.26,378.3 1 1
github.com/k82022603/RummiArena/game-server/internal/service/room_service.go:380.2,381.16 2 1
github.com/k82022603/RummiArena/game-server/internal/service/room_service.go:381.16,385.3 2 0
github.com/k82022603/RummiArena/game-server/internal/service/room_service.go:386.2,386.89 1 1
github.com/k82022603/RummiArena/game-server/internal/service/room_service.go:386.89,389.3 2 0
github.com/k82022603/RummiArena/game-server/internal/service/room_service.go:390.2,390.114 1 1
github.com/k82022603/RummiArena/game-server/internal/service/room_service.go:394.32,397.19 3 1
github.com/k82022603/RummiArena/game-server/internal/service/room_service.go:397.19,399.3 1 1
github.com/k82022603/RummiArena/game-server/internal/service/room_service.go:400.2,400.18 1 1
github.com/k82022603/RummiArena/game-server/internal/service/turn_service.go:54.15,59.2 1 1
github.com/k82022603/RummiArena/game-server/internal/service/turn_service.go:62.79,65.36 2 1
github.com/k82022603/RummiArena/game-server/internal/service/turn_service.go:65.36,67.29 2 1
github.com/k82022603/RummiArena/game-server/internal/service/turn_service.go:67.29,69.4 1 1
github.com/k82022603/RummiArena/game-server/internal/service/turn_service.go:70.3,70.57 1 1
github.com/k82022603/RummiArena/game-server/internal/service/turn_service.go:73.2,80.16 3 1
github.com/k82022603/RummiArena/game-server/internal/service/turn_service.go:80.16,82.3 1 1
github.com/k82022603/RummiArena/game-server/internal/service/turn_service.go:83.2,88.8 1 1
github.com/k82022603/RummiArena/game-server/internal/service/turn_service.go:92.84,94.16 2 1
github.com/k82022603/RummiArena/game-server/internal/service/turn_service.go:94.16,96.3 1 1
github.com/k82022603/RummiArena/game-server/internal/service/turn_service.go:97.2,102.8 1 1
github.com/k82022603/RummiArena/game-server/internal/service/turn_service.go:107.89,109.71 1 1
github.com/k82022603/RummiArena/game-server/internal/service/turn_service.go:109.71,111.3 1 0
github.com/k82022603/RummiArena/game-server/internal/service/turn_service.go:113.2,113.39 1 1
github.com/k82022603/RummiArena/game-server/internal/service/turn_service.go:117.66,119.16 2 1
github.com/k82022603/RummiArena/game-server/internal/service/turn_service.go:119.16,121.3 1 1
github.com/k82022603/RummiArena/game-server/internal/service/turn_service.go:122.2,122.31 1 1
github.com/k82022603/RummiArena/game-server/internal/service/turn_service.go:126.75,128.16 2 1
github.com/k82022603/RummiArena/game-server/internal/service/turn_service.go:128.16,130.3 1 1
github.com/k82022603/RummiArena/game-server/internal/service/turn_service.go:131.2,131.33 1 1
